have_func: checking for onig_region_memsize() in ruby.h... -------------------- yes

PATH=".;C:/Ruby32-x64/lib;C:\Ruby32-x64\bin;C:\Ruby32-x64\msys64\ucrt64\bin;C:\Ruby32-x64\msys64\usr\bin;C:\Users\hys\bin;C:\Program Files\Git\mingw64\bin;C:\Program Files\Git\usr\local\bin;C:\Program Files\Git\usr\bin;C:\Program Files\Git\usr\bin;C:\Program Files\Git\mingw64\bin;C:\Program Files\Git\usr\bin;C:\Users\hys\bin;C:\Program Files (x86)\Common Files\Oracle\Java\javapath;C:\Program Files (x86)\Microsoft SDKs\Azure\CLI2\wbin;C:\Program Files\Microsoft\jdk-11.0.12.7-hotspot\bin;C:\Program Files\Oculus\Support\oculus-runtime;C:\Windows\system32;C:\Windows;C:\Windows\System32\Wbem;C:\Windows\System32\WindowsPowerShell\v1.0;C:\Windows\System32\OpenSSH;C:\Program Files\dotnet;C:\Program Files (x86)\NVIDIA Corporation\PhysX\Common;C:\Program Files\NVIDIA Corporation\NVIDIA NvDLISR;C:\Program Files\Docker\Docker\resources\bin;C:\Program Files\Git\cmd;C:\Program Files\Microsoft SQL Server\130\Tools\Binn;C:\Program Files\Microsoft SQL Server\Client SDK\ODBC\170\Tools\Binn;C:\Program Files (x86)\dotnet;C:\Program Files\Microsoft SQL Server\150\Tools\Binn;C:\Program Files (x86)\QuickTime\QTSystem;C:\Ruby32-x64\bin;C:\Users\hys\AppData\Roaming\.dotnet;C:\Users\hys\AppData\Local\Microsoft\WindowsApps;C:\Program Files\jdk-18\bin;C:\Users\hys\AppData\Local\Programs\Microsoft VS Code\bin;C:\Users\hys\.dotnet\tools;C:\MinGW\bin;C:\Users\hys\Documents\MMD\PMX2FBX\PMX2FBX;C:\Users\hys\AppData\Local\GitHubDesktop\bin;C:\Program Files\JetBrains\CLion 2023.1.2\bin;C:\Program Files\JetBrains\PyCharm 2023.1.3\bin;C:\Program Files\Git\usr\bin\vendor_perl;C:\Program Files\Git\usr\bin\core_perl" "gcc -o conftest.exe -IC:/Ruby32-x64/include/ruby-3.2.0/x64-mingw-ucrt -IC:/Ruby32-x64/include/ruby-3.2.0/ruby/backward -IC:/Ruby32-x64/include/ruby-3.2.0 -I. -D__USE_MINGW_ANSI_STDIO=1 -DFD_SETSIZE=2048 -D_WIN32_WINNT=0x0600 -D__MINGW_USE_VC2005_COMPAT -D_FILE_OFFSET_BITS=64  -O3 -fno-fast-math -fstack-protector-strong conftest.c  -L. -LC:/Ruby32-x64/lib -L. -pipe -s -fstack-protector-strong -Wl,--no-as-needed  -m64   -lx64-ucrt-ruby320  -lshell32 -lws2_32 -liphlpapi -limagehlp -lshlwapi -lbcrypt  "
checked program was:
/* begin */
1: #include "ruby.h"
2: 
3: #include <winsock2.h>
4: #include <windows.h>
5: int main(int argc, char **argv)
6: {
7:   return !!argv[argc];
8: }
/* end */

PATH=".;C:/Ruby32-x64/lib;C:\Ruby32-x64\bin;C:\Ruby32-x64\msys64\ucrt64\bin;C:\Ruby32-x64\msys64\usr\bin;C:\Users\hys\bin;C:\Program Files\Git\mingw64\bin;C:\Program Files\Git\usr\local\bin;C:\Program Files\Git\usr\bin;C:\Program Files\Git\usr\bin;C:\Program Files\Git\mingw64\bin;C:\Program Files\Git\usr\bin;C:\Users\hys\bin;C:\Program Files (x86)\Common Files\Oracle\Java\javapath;C:\Program Files (x86)\Microsoft SDKs\Azure\CLI2\wbin;C:\Program Files\Microsoft\jdk-11.0.12.7-hotspot\bin;C:\Program Files\Oculus\Support\oculus-runtime;C:\Windows\system32;C:\Windows;C:\Windows\System32\Wbem;C:\Windows\System32\WindowsPowerShell\v1.0;C:\Windows\System32\OpenSSH;C:\Program Files\dotnet;C:\Program Files (x86)\NVIDIA Corporation\PhysX\Common;C:\Program Files\NVIDIA Corporation\NVIDIA NvDLISR;C:\Program Files\Docker\Docker\resources\bin;C:\Program Files\Git\cmd;C:\Program Files\Microsoft SQL Server\130\Tools\Binn;C:\Program Files\Microsoft SQL Server\Client SDK\ODBC\170\Tools\Binn;C:\Program Files (x86)\dotnet;C:\Program Files\Microsoft SQL Server\150\Tools\Binn;C:\Program Files (x86)\QuickTime\QTSystem;C:\Ruby32-x64\bin;C:\Users\hys\AppData\Roaming\.dotnet;C:\Users\hys\AppData\Local\Microsoft\WindowsApps;C:\Program Files\jdk-18\bin;C:\Users\hys\AppData\Local\Programs\Microsoft VS Code\bin;C:\Users\hys\.dotnet\tools;C:\MinGW\bin;C:\Users\hys\Documents\MMD\PMX2FBX\PMX2FBX;C:\Users\hys\AppData\Local\GitHubDesktop\bin;C:\Program Files\JetBrains\CLion 2023.1.2\bin;C:\Program Files\JetBrains\PyCharm 2023.1.3\bin;C:\Program Files\Git\usr\bin\vendor_perl;C:\Program Files\Git\usr\bin\core_perl" "gcc -o conftest.exe -IC:/Ruby32-x64/include/ruby-3.2.0/x64-mingw-ucrt -IC:/Ruby32-x64/include/ruby-3.2.0/ruby/backward -IC:/Ruby32-x64/include/ruby-3.2.0 -I. -D__USE_MINGW_ANSI_STDIO=1 -DFD_SETSIZE=2048 -D_WIN32_WINNT=0x0600 -D__MINGW_USE_VC2005_COMPAT -D_FILE_OFFSET_BITS=64  -O3 -fno-fast-math -fstack-protector-strong conftest.c  -L. -LC:/Ruby32-x64/lib -L. -pipe -s -fstack-protector-strong -Wl,--no-as-needed  -m64   -lx64-ucrt-ruby320  -lshell32 -lws2_32 -liphlpapi -limagehlp -lshlwapi -lbcrypt  "
conftest.c: In function 't':
conftest.c:18:57: error: 'onig_region_memsize' undeclared (first use in this function)
   18 | int t(void) { void ((*volatile p)()); p = (void ((*)()))onig_region_memsize; return !p; }
      |                                                         ^~~~~~~~~~~~~~~~~~~
conftest.c:18:57: note: each undeclared identifier is reported only once for each function it appears in
checked program was:
/* begin */
 1: #include "ruby.h"
 2: 
 3: #include <winsock2.h>
 4: #include <windows.h>
 5: #include <ruby.h>
 6: 
 7: /*top*/
 8: extern int t(void);
 9: int main(int argc, char **argv)
10: {
11:   if (argc > 1000000) {
12:     int (* volatile tp)(void)=(int (*)(void))&t;
13:     printf("%d", (*tp)());
14:   }
15: 
16:   return !!argv[argc];
17: }
18: int t(void) { void ((*volatile p)()); p = (void ((*)()))onig_region_memsize; return !p; }
/* end */

PATH=".;C:/Ruby32-x64/lib;C:\Ruby32-x64\bin;C:\Ruby32-x64\msys64\ucrt64\bin;C:\Ruby32-x64\msys64\usr\bin;C:\Users\hys\bin;C:\Program Files\Git\mingw64\bin;C:\Program Files\Git\usr\local\bin;C:\Program Files\Git\usr\bin;C:\Program Files\Git\usr\bin;C:\Program Files\Git\mingw64\bin;C:\Program Files\Git\usr\bin;C:\Users\hys\bin;C:\Program Files (x86)\Common Files\Oracle\Java\javapath;C:\Program Files (x86)\Microsoft SDKs\Azure\CLI2\wbin;C:\Program Files\Microsoft\jdk-11.0.12.7-hotspot\bin;C:\Program Files\Oculus\Support\oculus-runtime;C:\Windows\system32;C:\Windows;C:\Windows\System32\Wbem;C:\Windows\System32\WindowsPowerShell\v1.0;C:\Windows\System32\OpenSSH;C:\Program Files\dotnet;C:\Program Files (x86)\NVIDIA Corporation\PhysX\Common;C:\Program Files\NVIDIA Corporation\NVIDIA NvDLISR;C:\Program Files\Docker\Docker\resources\bin;C:\Program Files\Git\cmd;C:\Program Files\Microsoft SQL Server\130\Tools\Binn;C:\Program Files\Microsoft SQL Server\Client SDK\ODBC\170\Tools\Binn;C:\Program Files (x86)\dotnet;C:\Program Files\Microsoft SQL Server\150\Tools\Binn;C:\Program Files (x86)\QuickTime\QTSystem;C:\Ruby32-x64\bin;C:\Users\hys\AppData\Roaming\.dotnet;C:\Users\hys\AppData\Local\Microsoft\WindowsApps;C:\Program Files\jdk-18\bin;C:\Users\hys\AppData\Local\Programs\Microsoft VS Code\bin;C:\Users\hys\.dotnet\tools;C:\MinGW\bin;C:\Users\hys\Documents\MMD\PMX2FBX\PMX2FBX;C:\Users\hys\AppData\Local\GitHubDesktop\bin;C:\Program Files\JetBrains\CLion 2023.1.2\bin;C:\Program Files\JetBrains\PyCharm 2023.1.3\bin;C:\Program Files\Git\usr\bin\vendor_perl;C:\Program Files\Git\usr\bin\core_perl" "gcc -o conftest.exe -IC:/Ruby32-x64/include/ruby-3.2.0/x64-mingw-ucrt -IC:/Ruby32-x64/include/ruby-3.2.0/ruby/backward -IC:/Ruby32-x64/include/ruby-3.2.0 -I. -D__USE_MINGW_ANSI_STDIO=1 -DFD_SETSIZE=2048 -D_WIN32_WINNT=0x0600 -D__MINGW_USE_VC2005_COMPAT -D_FILE_OFFSET_BITS=64  -O3 -fno-fast-math -fstack-protector-strong conftest.c  -L. -LC:/Ruby32-x64/lib -L. -pipe -s -fstack-protector-strong -Wl,--no-as-needed  -m64   -lx64-ucrt-ruby320  -lshell32 -lws2_32 -liphlpapi -limagehlp -lshlwapi -lbcrypt  "
checked program was:
/* begin */
 1: #include "ruby.h"
 2: 
 3: #include <winsock2.h>
 4: #include <windows.h>
 5: #include <ruby.h>
 6: 
 7: /*top*/
 8: extern int t(void);
 9: int main(int argc, char **argv)
10: {
11:   if (argc > 1000000) {
12:     int (* volatile tp)(void)=(int (*)(void))&t;
13:     printf("%d", (*tp)());
14:   }
15: 
16:   return !!argv[argc];
17: }
18: extern void onig_region_memsize();
19: int t(void) { onig_region_memsize(); return 0; }
/* end */

--------------------

have_func: checking for rb_reg_onig_match() in ruby.h... -------------------- no

PATH=".;C:/Ruby32-x64/lib;C:\Ruby32-x64\bin;C:\Ruby32-x64\msys64\ucrt64\bin;C:\Ruby32-x64\msys64\usr\bin;C:\Users\hys\bin;C:\Program Files\Git\mingw64\bin;C:\Program Files\Git\usr\local\bin;C:\Program Files\Git\usr\bin;C:\Program Files\Git\usr\bin;C:\Program Files\Git\mingw64\bin;C:\Program Files\Git\usr\bin;C:\Users\hys\bin;C:\Program Files (x86)\Common Files\Oracle\Java\javapath;C:\Program Files (x86)\Microsoft SDKs\Azure\CLI2\wbin;C:\Program Files\Microsoft\jdk-11.0.12.7-hotspot\bin;C:\Program Files\Oculus\Support\oculus-runtime;C:\Windows\system32;C:\Windows;C:\Windows\System32\Wbem;C:\Windows\System32\WindowsPowerShell\v1.0;C:\Windows\System32\OpenSSH;C:\Program Files\dotnet;C:\Program Files (x86)\NVIDIA Corporation\PhysX\Common;C:\Program Files\NVIDIA Corporation\NVIDIA NvDLISR;C:\Program Files\Docker\Docker\resources\bin;C:\Program Files\Git\cmd;C:\Program Files\Microsoft SQL Server\130\Tools\Binn;C:\Program Files\Microsoft SQL Server\Client SDK\ODBC\170\Tools\Binn;C:\Program Files (x86)\dotnet;C:\Program Files\Microsoft SQL Server\150\Tools\Binn;C:\Program Files (x86)\QuickTime\QTSystem;C:\Ruby32-x64\bin;C:\Users\hys\AppData\Roaming\.dotnet;C:\Users\hys\AppData\Local\Microsoft\WindowsApps;C:\Program Files\jdk-18\bin;C:\Users\hys\AppData\Local\Programs\Microsoft VS Code\bin;C:\Users\hys\.dotnet\tools;C:\MinGW\bin;C:\Users\hys\Documents\MMD\PMX2FBX\PMX2FBX;C:\Users\hys\AppData\Local\GitHubDesktop\bin;C:\Program Files\JetBrains\CLion 2023.1.2\bin;C:\Program Files\JetBrains\PyCharm 2023.1.3\bin;C:\Program Files\Git\usr\bin\vendor_perl;C:\Program Files\Git\usr\bin\core_perl" "gcc -o conftest.exe -IC:/Ruby32-x64/include/ruby-3.2.0/x64-mingw-ucrt -IC:/Ruby32-x64/include/ruby-3.2.0/ruby/backward -IC:/Ruby32-x64/include/ruby-3.2.0 -I. -D__USE_MINGW_ANSI_STDIO=1 -DFD_SETSIZE=2048 -D_WIN32_WINNT=0x0600 -D__MINGW_USE_VC2005_COMPAT -D_FILE_OFFSET_BITS=64  -O3 -fno-fast-math -fstack-protector-strong conftest.c  -L. -LC:/Ruby32-x64/lib -L. -pipe -s -fstack-protector-strong -Wl,--no-as-needed  -m64   -lx64-ucrt-ruby320  -lshell32 -lws2_32 -liphlpapi -limagehlp -lshlwapi -lbcrypt  "
conftest.c: In function 't':
conftest.c:18:57: error: 'rb_reg_onig_match' undeclared (first use in this function); did you mean 'rb_reg_nth_match'?
   18 | int t(void) { void ((*volatile p)()); p = (void ((*)()))rb_reg_onig_match; return !p; }
      |                                                         ^~~~~~~~~~~~~~~~~
      |                                                         rb_reg_nth_match
conftest.c:18:57: note: each undeclared identifier is reported only once for each function it appears in
checked program was:
/* begin */
 1: #include "ruby.h"
 2: 
 3: #include <winsock2.h>
 4: #include <windows.h>
 5: #include <ruby.h>
 6: 
 7: /*top*/
 8: extern int t(void);
 9: int main(int argc, char **argv)
10: {
11:   if (argc > 1000000) {
12:     int (* volatile tp)(void)=(int (*)(void))&t;
13:     printf("%d", (*tp)());
14:   }
15: 
16:   return !!argv[argc];
17: }
18: int t(void) { void ((*volatile p)()); p = (void ((*)()))rb_reg_onig_match; return !p; }
/* end */

PATH=".;C:/Ruby32-x64/lib;C:\Ruby32-x64\bin;C:\Ruby32-x64\msys64\ucrt64\bin;C:\Ruby32-x64\msys64\usr\bin;C:\Users\hys\bin;C:\Program Files\Git\mingw64\bin;C:\Program Files\Git\usr\local\bin;C:\Program Files\Git\usr\bin;C:\Program Files\Git\usr\bin;C:\Program Files\Git\mingw64\bin;C:\Program Files\Git\usr\bin;C:\Users\hys\bin;C:\Program Files (x86)\Common Files\Oracle\Java\javapath;C:\Program Files (x86)\Microsoft SDKs\Azure\CLI2\wbin;C:\Program Files\Microsoft\jdk-11.0.12.7-hotspot\bin;C:\Program Files\Oculus\Support\oculus-runtime;C:\Windows\system32;C:\Windows;C:\Windows\System32\Wbem;C:\Windows\System32\WindowsPowerShell\v1.0;C:\Windows\System32\OpenSSH;C:\Program Files\dotnet;C:\Program Files (x86)\NVIDIA Corporation\PhysX\Common;C:\Program Files\NVIDIA Corporation\NVIDIA NvDLISR;C:\Program Files\Docker\Docker\resources\bin;C:\Program Files\Git\cmd;C:\Program Files\Microsoft SQL Server\130\Tools\Binn;C:\Program Files\Microsoft SQL Server\Client SDK\ODBC\170\Tools\Binn;C:\Program Files (x86)\dotnet;C:\Program Files\Microsoft SQL Server\150\Tools\Binn;C:\Program Files (x86)\QuickTime\QTSystem;C:\Ruby32-x64\bin;C:\Users\hys\AppData\Roaming\.dotnet;C:\Users\hys\AppData\Local\Microsoft\WindowsApps;C:\Program Files\jdk-18\bin;C:\Users\hys\AppData\Local\Programs\Microsoft VS Code\bin;C:\Users\hys\.dotnet\tools;C:\MinGW\bin;C:\Users\hys\Documents\MMD\PMX2FBX\PMX2FBX;C:\Users\hys\AppData\Local\GitHubDesktop\bin;C:\Program Files\JetBrains\CLion 2023.1.2\bin;C:\Program Files\JetBrains\PyCharm 2023.1.3\bin;C:\Program Files\Git\usr\bin\vendor_perl;C:\Program Files\Git\usr\bin\core_perl" "gcc -o conftest.exe -IC:/Ruby32-x64/include/ruby-3.2.0/x64-mingw-ucrt -IC:/Ruby32-x64/include/ruby-3.2.0/ruby/backward -IC:/Ruby32-x64/include/ruby-3.2.0 -I. -D__USE_MINGW_ANSI_STDIO=1 -DFD_SETSIZE=2048 -D_WIN32_WINNT=0x0600 -D__MINGW_USE_VC2005_COMPAT -D_FILE_OFFSET_BITS=64  -O3 -fno-fast-math -fstack-protector-strong conftest.c  -L. -LC:/Ruby32-x64/lib -L. -pipe -s -fstack-protector-strong -Wl,--no-as-needed  -m64   -lx64-ucrt-ruby320  -lshell32 -lws2_32 -liphlpapi -limagehlp -lshlwapi -lbcrypt  "
C:/Ruby32-x64/msys64/ucrt64/bin/../lib/gcc/x86_64-w64-mingw32/12.2.0/../../../../x86_64-w64-mingw32/bin/ld.exe: C:\Users\hys\AppData\Local\Temp\ccJVbr86.o:conftest.c:(.text+0x5): undefined reference to `rb_reg_onig_match'
collect2.exe: error: ld returned 1 exit status
checked program was:
/* begin */
 1: #include "ruby.h"
 2: 
 3: #include <winsock2.h>
 4: #include <windows.h>
 5: #include <ruby.h>
 6: 
 7: /*top*/
 8: extern int t(void);
 9: int main(int argc, char **argv)
10: {
11:   if (argc > 1000000) {
12:     int (* volatile tp)(void)=(int (*)(void))&t;
13:     printf("%d", (*tp)());
14:   }
15: 
16:   return !!argv[argc];
17: }
18: extern void rb_reg_onig_match();
19: int t(void) { rb_reg_onig_match(); return 0; }
/* end */

--------------------

